  ui.cpp
c:\users\gsp025\desktop\3dteamgame\team3dgame\main.h(16): fatal error C1083: include ファイルを開けません。'd3dx9.h':No such file or directory
  stan_effect.cpp
c:\users\gsp025\desktop\3dteamgame\team3dgame\main.h(16): fatal error C1083: include ファイルを開けません。'd3dx9.h':No such file or directory
  sound.cpp
c:\users\gsp025\desktop\3dteamgame\team3dgame\main.h(16): fatal error C1083: include ファイルを開けません。'd3dx9.h':No such file or directory
  scene3d.cpp
c:\users\gsp025\desktop\3dteamgame\team3dgame\main.h(16): fatal error C1083: include ファイルを開けません。'd3dx9.h':No such file or directory
  scene2d.cpp
c:\users\gsp025\desktop\3dteamgame\team3dgame\main.h(16): fatal error C1083: include ファイルを開けません。'd3dx9.h':No such file or directory
  scene.cpp
c:\users\gsp025\desktop\3dteamgame\team3dgame\main.h(16): fatal error C1083: include ファイルを開けません。'd3dx9.h':No such file or directory
  renderer.cpp
c:\users\gsp025\desktop\3dteamgame\team3dgame\main.h(16): fatal error C1083: include ファイルを開けません。'd3dx9.h':No such file or directory
  polygon3d.cpp
c:\users\gsp025\desktop\3dteamgame\team3dgame\main.h(16): fatal error C1083: include ファイルを開けません。'd3dx9.h':No such file or directory
  player.cpp
c:\users\gsp025\desktop\3dteamgame\team3dgame\main.h(16): fatal error C1083: include ファイルを開けません。'd3dx9.h':No such file or directory
  number.cpp
c:\users\gsp025\desktop\3dteamgame\team3dgame\main.h(16): fatal error C1083: include ファイルを開けません。'd3dx9.h':No such file or directory
  ainimation.cpp
c:\users\gsp025\desktop\3dteamgame\team3dgame\main.h(16): fatal error C1083: include ファイルを開けません。'd3dx9.h':No such file or directory
  mode_tutorial.cpp
c:\users\gsp025\desktop\3dteamgame\team3dgame\main.h(16): fatal error C1083: include ファイルを開けません。'd3dx9.h':No such file or directory
  mode_title.cpp
c:\users\gsp025\desktop\3dteamgame\team3dgame\main.h(16): fatal error C1083: include ファイルを開けません。'd3dx9.h':No such file or directory
  mode_result.cpp
c:\users\gsp025\desktop\3dteamgame\team3dgame\main.h(16): fatal error C1083: include ファイルを開けません。'd3dx9.h':No such file or directory
  mode_game.cpp
c:\users\gsp025\desktop\3dteamgame\team3dgame\main.h(16): fatal error C1083: include ファイルを開けません。'd3dx9.h':No such file or directory
  model.cpp
c:\users\gsp025\desktop\3dteamgame\team3dgame\main.h(16): fatal error C1083: include ファイルを開けません。'd3dx9.h':No such file or directory
  meat.cpp
c:\users\gsp025\desktop\3dteamgame\team3dgame\main.h(16): fatal error C1083: include ファイルを開けません。'd3dx9.h':No such file or directory
  manager.cpp
c:\users\gsp025\desktop\3dteamgame\team3dgame\main.h(16): fatal error C1083: include ファイルを開けません。'd3dx9.h':No such file or directory
  main.cpp
c:\users\gsp025\desktop\3dteamgame\team3dgame\main.h(16): fatal error C1083: include ファイルを開けません。'd3dx9.h':No such file or directory
  light.cpp
c:\users\gsp025\desktop\3dteamgame\team3dgame\main.h(16): fatal error C1083: include ファイルを開けません。'd3dx9.h':No such file or directory
  コードを生成中...
  コンパイル中...
  keyboard.cpp
c:\users\gsp025\desktop\3dteamgame\team3dgame\main.h(16): fatal error C1083: include ファイルを開けません。'd3dx9.h':No such file or directory
  joystick.cpp
c:\users\gsp025\desktop\3dteamgame\team3dgame\main.h(16): fatal error C1083: include ファイルを開けません。'd3dx9.h':No such file or directory
  item_meat.cpp
c:\users\gsp025\desktop\3dteamgame\team3dgame\main.h(16): fatal error C1083: include ファイルを開けません。'd3dx9.h':No such file or directory
  item_diamond.cpp
c:\users\gsp025\desktop\3dteamgame\team3dgame\main.h(16): fatal error C1083: include ファイルを開けません。'd3dx9.h':No such file or directory
  item.cpp
c:\users\gsp025\desktop\3dteamgame\team3dgame\main.h(16): fatal error C1083: include ファイルを開けません。'd3dx9.h':No such file or directory
  input.cpp
c:\users\gsp025\desktop\3dteamgame\team3dgame\main.h(16): fatal error C1083: include ファイルを開けません。'd3dx9.h':No such file or directory
  fade.cpp
c:\users\gsp025\desktop\3dteamgame\team3dgame\main.h(16): fatal error C1083: include ファイルを開けません。'd3dx9.h':No such file or directory
  enemy.cpp
c:\users\gsp025\desktop\3dteamgame\team3dgame\main.h(16): fatal error C1083: include ファイルを開けません。'd3dx9.h':No such file or directory
  effect.cpp
c:\users\gsp025\desktop\3dteamgame\team3dgame\main.h(16): fatal error C1083: include ファイルを開けません。'd3dx9.h':No such file or directory
  daiya.cpp
c:\users\gsp025\desktop\3dteamgame\team3dgame\main.h(16): fatal error C1083: include ファイルを開けません。'd3dx9.h':No such file or directory
  continue_logo.cpp
c:\users\gsp025\desktop\3dteamgame\team3dgame\main.h(16): fatal error C1083: include ファイルを開けません。'd3dx9.h':No such file or directory
  continue_button_manager.cpp
c:\users\gsp025\desktop\3dteamgame\team3dgame\main.h(16): fatal error C1083: include ファイルを開けません。'd3dx9.h':No such file or directory
  continue.cpp
c:\users\gsp025\desktop\3dteamgame\team3dgame\main.h(16): fatal error C1083: include ファイルを開けません。'd3dx9.h':No such file or directory
  character.cpp
c:\users\gsp025\desktop\3dteamgame\team3dgame\main.h(16): fatal error C1083: include ファイルを開けません。'd3dx9.h':No such file or directory
  camera.cpp
c:\users\gsp025\desktop\3dteamgame\team3dgame\main.h(16): fatal error C1083: include ファイルを開けません。'd3dx9.h':No such file or directory
  button_not_continue.cpp
c:\users\gsp025\desktop\3dteamgame\team3dgame\main.h(16): fatal error C1083: include ファイルを開けません。'd3dx9.h':No such file or directory
  button_continue.cpp
c:\users\gsp025\desktop\3dteamgame\team3dgame\main.h(16): fatal error C1083: include ファイルを開けません。'd3dx9.h':No such file or directory
  button.cpp
c:\users\gsp025\desktop\3dteamgame\team3dgame\main.h(16): fatal error C1083: include ファイルを開けません。'd3dx9.h':No such file or directory
  billboard.cpp
c:\users\gsp025\desktop\3dteamgame\team3dgame\main.h(16): fatal error C1083: include ファイルを開けません。'd3dx9.h':No such file or directory
  bg_title.cpp
c:\users\gsp025\desktop\3dteamgame\team3dgame\main.h(16): fatal error C1083: include ファイルを開けません。'd3dx9.h':No such file or directory
  コードを生成中...
  コンパイル中...
  bg_result.cpp
c:\users\gsp025\desktop\3dteamgame\team3dgame\main.h(16): fatal error C1083: include ファイルを開けません。'd3dx9.h':No such file or directory
  bg_continue.cpp
c:\users\gsp025\desktop\3dteamgame\team3dgame\main.h(16): fatal error C1083: include ファイルを開けません。'd3dx9.h':No such file or directory
  コードを生成中...
