c:\users\gsp025\desktop\3dteamgame\team3dgame\debug\vc140.pdb
c:\users\gsp025\desktop\3dteamgame\team3dgame\debug\vc140.idb
c:\users\gsp025\desktop\3dteamgame\team3dgame\debug\item.obj
c:\users\gsp025\desktop\3dteamgame\team3dgame\debug\joystick.obj
c:\users\gsp025\desktop\3dteamgame\team3dgame\debug\keyboard.obj
c:\users\gsp025\desktop\3dteamgame\team3dgame\debug\light.obj
c:\users\gsp025\desktop\3dteamgame\team3dgame\debug\main.obj
c:\users\gsp025\desktop\3dteamgame\team3dgame\debug\manager.obj
c:\users\gsp025\desktop\3dteamgame\team3dgame\debug\model.obj
c:\users\gsp025\desktop\3dteamgame\team3dgame\debug\mode_title.obj
c:\users\gsp025\desktop\3dteamgame\team3dgame\debug\mode_tutorial.obj
c:\users\gsp025\desktop\3dteamgame\team3dgame\debug\ainimation.obj
c:\users\gsp025\desktop\3dteamgame\team3dgame\debug\polygon3d.obj
c:\users\gsp025\desktop\3dteamgame\team3dgame\debug\renderer.obj
c:\users\gsp025\desktop\3dteamgame\team3dgame\debug\scene.obj
c:\users\gsp025\desktop\3dteamgame\team3dgame\debug\scene2d.obj
c:\users\gsp025\desktop\3dteamgame\team3dgame\debug\scene3d.obj
c:\users\gsp025\desktop\3dteamgame\team3dgame\debug\sound.obj
c:\users\gsp025\desktop\3dteamgame\team3dgame\debug\billboard.obj
c:\users\gsp025\desktop\3dteamgame\team3dgame\debug\camera.obj
c:\users\gsp025\desktop\3dteamgame\team3dgame\debug\character.obj
c:\users\gsp025\desktop\3dteamgame\team3dgame\debug\fade.obj
c:\users\gsp025\desktop\3dteamgame\team3dgame\debug\input.obj
c:\users\gsp025\desktop\3dteamgame\team3dgame\debug\enemy.obj
c:\users\gsp025\desktop\3dteamgame\team3dgame\debug\mode_game.obj
c:\users\gsp025\desktop\3dteamgame\team3dgame\debug\player.obj
c:\users\gsp025\desktop\3dteamgame\team3dgame\debug\item_diamond.obj
c:\users\gsp025\desktop\3dteamgame\team3dgame\debug\item_meat.obj
c:\users\gsp025\desktop\3dteamgame\team3dgame\debug\effect.obj
c:\users\gsp025\desktop\3dteamgame\team3dgame\debug\stan_effect.obj
c:\users\gsp025\desktop\3dteamgame\team3dgame\debug\daiya.obj
c:\users\gsp025\desktop\3dteamgame\team3dgame\debug\meat.obj
c:\users\gsp025\desktop\3dteamgame\team3dgame\debug\number.obj
c:\users\gsp025\desktop\3dteamgame\team3dgame\debug\ui.obj
c:\users\gsp025\desktop\3dteamgame\team3dgame\debug\mode_result.obj
c:\users\gsp025\desktop\3dteamgame\team3dgame\debug\button.obj
c:\users\gsp025\desktop\3dteamgame\team3dgame\debug\continue.obj
c:\users\gsp025\desktop\3dteamgame\team3dgame\debug\continue_button_manager.obj
c:\users\gsp025\desktop\3dteamgame\team3dgame\debug\button_continue.obj
c:\users\gsp025\desktop\3dteamgame\team3dgame\debug\button_not_continue.obj
c:\users\gsp025\desktop\3dteamgame\team3dgame\debug\continue_logo.obj
c:\users\gsp025\desktop\3dteamgame\team3dgame\debug\bg_continue.obj
c:\users\gsp025\desktop\3dteamgame\team3dgame\debug\bg_title.obj
c:\users\gsp025\desktop\3dteamgame\team3dgame\debug\bg_result.obj
c:\users\gsp025\desktop\3dteamgame\debug\team3dgame.ilk
c:\users\gsp025\desktop\3dteamgame\debug\team3dgame.exe
c:\users\gsp025\desktop\3dteamgame\debug\team3dgame.pdb
c:\users\gsp025\desktop\3dteamgame\team3dgame\debug\motion.obj
c:\users\gsp025\desktop\3dteamgame\team3dgame\debug\team3dgame.tlog\cl.command.1.tlog
c:\users\gsp025\desktop\3dteamgame\team3dgame\debug\team3dgame.tlog\cl.read.1.tlog
c:\users\gsp025\desktop\3dteamgame\team3dgame\debug\team3dgame.tlog\cl.write.1.tlog
c:\users\gsp025\desktop\3dteamgame\team3dgame\debug\team3dgame.tlog\link.command.1.tlog
c:\users\gsp025\desktop\3dteamgame\team3dgame\debug\team3dgame.tlog\link.read.1.tlog
c:\users\gsp025\desktop\3dteamgame\team3dgame\debug\team3dgame.tlog\link.write.1.tlog
